============================= test session starts =============================
platform win32 -- Python 3.12.0, pytest-9.1.1, pluggy-1.6.0 -- C:\Users\GAME\AppData\Local\Programs\Python\Python312\python.exe
cachedir: .pytest_cache
rootdir: C:\Users\GAME\Desktop\uno-km\dev\termux-aichain
configfile: pyproject.toml
testpaths: tests
plugins: anyio-4.13.0, asyncio-1.4.0
asyncio: mode=Mode.STRICT, debug=False, asyncio_default_fixture_loop_scope=None, asyncio_default_test_loop_scope=function
collecting ... collected 136 items

tests/test_cli.py::test_cli_module_imports PASSED                        [  0%]
tests/test_cli.py::test_cmd_status_stopped PASSED                        [  1%]
tests/test_cli.py::test_cmd_stop_with_empty_lock_dir PASSED              [  2%]
tests/test_cli.py::test_cmd_models_listing PASSED                        [  2%]
tests/test_cli.py::test_cmd_stop_stale_pid_does_not_kill_unrelated_process PASSED [  3%]
tests/test_cli.py::test_cmd_stop_live_unrelated_process_is_never_killed PASSED [  4%]
tests/test_cli.py::test_download_verified_model_mismatch_raises_and_cleans_tmp PASSED [  5%]
tests/test_cli.py::test_cmd_run_rejects_incompatible_server PASSED       [  5%]
tests/test_cli.py::test_cmd_run_newly_started_server_is_identity_verified PASSED [  6%]
tests/test_core_bitnet.py::test_bitnet_chat_initialization PASSED        [  7%]
tests/test_core_chain.py::test_runnable_pipe_operator PASSED             [  8%]
tests/test_core_chain.py::test_runnable_pipe_with_prompt_and_callable PASSED [  8%]
tests/test_core_chain.py::test_async_runnable_chain PASSED               [  9%]
tests/test_core_parser.py::test_string_output_parser PASSED              [ 10%]
tests/test_core_parser.py::test_json_output_parser_markdown PASSED       [ 11%]
tests/test_core_parser.py::test_json_output_parser_raw_text PASSED       [ 11%]
tests/test_core_parser.py::test_json_output_parser_fallback PASSED       [ 12%]
tests/test_core_parser.py::test_regex_output_parser PASSED               [ 13%]
tests/test_core_prompt.py::test_prompt_template_basic PASSED             [ 13%]
tests/test_core_prompt.py::test_prompt_template_partial PASSED           [ 14%]
tests/test_core_prompt.py::test_prompt_template_missing_var PASSED       [ 15%]
tests/test_core_prompt.py::test_chat_prompt_template PASSED              [ 16%]
tests/test_core_prompt.py::test_prompt_template_as_runnable PASSED       [ 16%]
tests/test_core_provider.py::test_openai_compatible_generate PASSED      [ 17%]
tests/test_core_provider.py::test_openai_compatible_stream PASSED        [ 18%]
tests/test_core_splitter.py::test_character_text_splitter PASSED         [ 19%]
tests/test_core_splitter.py::test_recursive_character_text_splitter PASSED [ 19%]
tests/test_core_splitter.py::test_text_loader PASSED                     [ 20%]
tests/test_dashboard.py::test_dashboard_html_endpoint PASSED             [ 21%]
tests/test_dashboard.py::test_api_traces_endpoint PASSED                 [ 22%]
tests/test_dashboard.py::test_api_graph_endpoint PASSED                  [ 22%]
tests/test_device.py::test_battery_status_tool PASSED                    [ 23%]
tests/test_device.py::test_sensor_data_tool PASSED                       [ 24%]
tests/test_device.py::test_location_tool PASSED                          [ 25%]
tests/test_device.py::test_stt_tool PASSED                               [ 25%]
tests/test_device.py::test_vibrate_tool PASSED                           [ 26%]
tests/test_device.py::test_notification_tool PASSED                      [ 27%]
tests/test_device.py::test_shell_tool PASSED                             [ 27%]
tests/test_device.py::test_default_device_tools PASSED                   [ 28%]
tests/test_ecosystem.py::test_infer_bitnet_llm PASSED                    [ 29%]
tests/test_ecosystem.py::test_transcribe_speech PASSED                   [ 30%]
tests/test_ecosystem.py::test_generate_diffusion_image PASSED            [ 30%]
tests/test_ecosystem.py::test_browse_web_headless PASSED                 [ 31%]
tests/test_ecosystem.py::test_get_ecosystem_tools PASSED                 [ 32%]
tests/test_facade_ux.py::test_local_agent_default_constructor PASSED     [ 33%]
tests/test_facade_ux.py::test_local_agent_run_facade PASSED              [ 33%]
tests/test_facade_ux.py::test_local_agent_connect_factory PASSED         [ 34%]
tests/test_facade_ux.py::test_local_agent_local_factory_when_server_alive PASSED [ 35%]
tests/test_graph_agent.py::test_react_agent_loop PASSED                  [ 36%]
tests/test_graph_state.py::test_linear_state_graph PASSED                [ 36%]
tests/test_graph_state.py::test_conditional_state_graph PASSED           [ 37%]
tests/test_graph_state.py::test_cyclic_loop_graph PASSED                 [ 38%]
tests/test_graph_state.py::test_max_iterations_safety PASSED             [ 38%]
tests/test_graph_state.py::test_state_graph_streaming PASSED             [ 39%]
tests/test_local_agent_modes.py::test_connect_mode_loopback_policy PASSED [ 40%]
tests/test_local_agent_modes.py::test_embedded_mode_contract PASSED      [ 41%]
tests/test_local_agent_modes.py::test_remote_mode_explicit_opt_in PASSED [ 41%]
tests/test_local_agent_modes.py::test_tool_policy_range_validation PASSED [ 42%]
tests/test_local_agent_modes.py::test_tool_policy_rate_limiter PASSED    [ 43%]
tests/test_local_agent_modes.py::test_tool_policy_approval_callback PASSED [ 44%]
tests/test_local_agent_modes.py::test_status_state_machine PASSED        [ 44%]
tests/test_local_server.py::test_openai_compatible_advanced_payload PASSED [ 45%]
tests/test_local_server.py::test_local_server_config_cli_builder PASSED  [ 46%]
tests/test_local_server.py::test_bitnet_server_cli_builder PASSED        [ 47%]
tests/test_memory.py::test_conversation_buffer_memory_window PASSED      [ 47%]
tests/test_memory.py::test_sqlite_entity_memory_persistence PASSED       [ 48%]
tests/test_memory.py::test_sqlite_vector_store_cosine PASSED             [ 49%]
tests/test_memory.py::test_fact_extractor PASSED                         [ 50%]
tests/test_microscopic_edge_cases.py::test_edge_prompt_template_special_chars PASSED [ 50%]
tests/test_microscopic_edge_cases.py::test_edge_json_parser_malformed PASSED [ 51%]
tests/test_microscopic_edge_cases.py::test_edge_recursive_splitter_large_text PASSED [ 52%]
tests/test_microscopic_edge_cases.py::test_edge_graph_uncompiled_or_missing_entry PASSED [ 52%]
tests/test_microscopic_edge_cases.py::test_edge_graph_recursion_limit PASSED [ 53%]
tests/test_microscopic_edge_cases.py::test_edge_vector_store_zero_norm PASSED [ 54%]
tests/test_microscopic_edge_cases.py::test_edge_entity_memory_null_and_overwrite PASSED [ 55%]
tests/test_microscopic_edge_cases.py::test_edge_tracer_deep_nesting PASSED [ 55%]
tests/test_microscopic_edge_cases.py::test_edge_ecosystem_fault_tolerance PASSED [ 56%]
tests/test_output_normalizer.py::test_scanner_nested_brackets_and_strings PASSED [ 57%]
tests/test_output_normalizer.py::test_scanner_multiple_candidates PASSED [ 58%]
tests/test_output_normalizer.py::test_repair_single_quotes_and_trailing_commas PASSED [ 58%]
tests/test_output_normalizer.py::test_normalizer_native_tool_call PASSED [ 59%]
tests/test_output_normalizer.py::test_normalizer_xml_wrapper PASSED      [ 60%]
tests/test_output_normalizer.py::test_normalizer_react_text_pattern PASSED [ 61%]
tests/test_output_normalizer.py::test_normalizer_markdown_bash_fence_not_promoted PASSED [ 61%]
tests/test_output_normalizer.py::test_normalizer_plain_text_zero_overkill PASSED [ 62%]
tests/test_p0_release_blockers.py::test_json_inside_bash_fence_is_not_promoted PASSED [ 63%]
tests/test_p0_release_blockers.py::test_json_inside_python_fence_not_promoted PASSED [ 63%]
tests/test_p0_release_blockers.py::test_react_example_not_promoted_by_default PASSED [ 64%]
tests/test_p0_release_blockers.py::test_quoted_action_input_not_promoted PASSED [ 65%]
tests/test_p0_release_blockers.py::test_string_false_rejected_for_boolean PASSED [ 66%]
tests/test_p0_release_blockers.py::test_missing_required_tool_arg_rejected PASSED [ 66%]
tests/test_p0_release_blockers.py::test_unknown_tool_arg_rejected PASSED [ 67%]
tests/test_p0_release_blockers.py::test_loopback_prefix_bypass_rejected PASSED [ 68%]
tests/test_p0_release_blockers.py::test_loopback_userinfo_bypass_rejected PASSED [ 69%]
tests/test_p0_release_blockers.py::test_invalid_health_json_rejected PASSED [ 69%]
tests/test_p0_release_blockers.py::test_empty_health_json_rejected PASSED [ 70%]
tests/test_p0_release_blockers.py::test_protocol_version_mismatch_rejected PASSED [ 71%]
tests/test_p0_release_blockers.py::test_health_payload_size_exceeded_rejected PASSED [ 72%]
tests/test_p0_release_blockers.py::test_managed_existing_model_mismatch PASSED [ 72%]
tests/test_p0_release_blockers.py::test_stopped_agent_rejects_invoke PASSED [ 73%]
tests/test_p0_release_blockers.py::test_remote_mode_rc_disabled PASSED   [ 74%]
tests/test_p0_release_blockers.py::test_empty_embedding_rejected PASSED  [ 75%]
tests/test_p0_release_blockers.py::test_invalid_k_rejected PASSED        [ 75%]
tests/test_p0_release_blockers.py::test_corrupted_vector_row_skipped PASSED [ 76%]
tests/test_p0_release_blockers.py::test_vibrate_device_force_type_check PASSED [ 77%]
tests/test_p0_release_blockers.py::test_default_create_react_agent_no_react_text PASSED [ 77%]
tests/test_p0_release_blockers.py::test_explicit_create_react_agent_allows_react_text PASSED [ 78%]
tests/test_p0_release_blockers.py::test_duration_ms_min_max_schema_validation PASSED [ 79%]
tests/test_p0_release_blockers.py::test_health_redirect_rejected PASSED  [ 80%]
tests/test_p0_release_blockers.py::test_conflict_server_identity_blocks_spawn PASSED [ 80%]
tests/test_p0_release_blockers.py::test_stopping_state_rejects_lease PASSED [ 81%]
tests/test_p0_release_blockers.py::test_vector_search_bounded_heap PASSED [ 82%]
tests/test_p0_release_blockers.py::test_unknown_server_status_ok_is_openai_compatible_not_llama PASSED [ 83%]
tests/test_p0_release_blockers.py::test_expected_model_id_missing_fails_closed PASSED [ 83%]
tests/test_p0_release_blockers.py::test_expected_model_sha256_missing_fails_closed PASSED [ 84%]
tests/test_p0_release_blockers.py::test_managed_owned_lifecycle_and_status PASSED [ 85%]
tests/test_p0_release_blockers.py::test_managed_attached_lifecycle_preserves_external PASSED [ 86%]
tests/test_p0_release_blockers.py::test_ring_log_single_oversized_line_is_bounded PASSED [ 86%]
tests/test_p0_release_blockers.py::test_managed_start_failure_preserves_original_error PASSED [ 87%]
tests/test_p0_release_blockers.py::test_cors_scheme_and_userinfo_rejected PASSED [ 88%]
tests/test_p0_release_blockers.py::test_missing_protocol_version_fails_closed PASSED [ 88%]
tests/test_p0_release_blockers.py::test_local_agent_local_does_not_swallow_model_conflict PASSED [ 89%]
tests/test_p0_release_blockers.py::test_local_agent_local_missing_model_raises_file_not_found PASSED [ 90%]
tests/test_p0_release_blockers.py::test_cmd_run_rejects_non_gguf_user_file PASSED [ 91%]
tests/test_p0_release_blockers.py::test_upstream_llama_server_verified_by_capability PASSED [ 91%]
tests/test_p0_release_blockers.py::test_v1_models_multi_model_matching PASSED [ 92%]
tests/test_p0_release_blockers.py::test_v1_models_oversized_payload_rejected PASSED [ 93%]
tests/test_p0_release_blockers.py::test_create_react_agent_tool_policy_default_deny PASSED [ 94%]
tests/test_serve.py::test_server_health PASSED                           [ 94%]
tests/test_serve.py::test_server_auth_and_body_limits PASSED             [ 95%]
tests/test_serve.py::test_server_invoke PASSED                           [ 96%]
tests/test_serve.py::test_cors_exact_loopback_and_subdomain_rejection PASSED [ 97%]
tests/test_serve.py::test_server_invalid_json_body_returns_400 PASSED    [ 97%]
tests/test_trace.py::test_tracer_hierarchy_and_tps PASSED                [ 98%]
tests/test_trace.py::test_tracer_render_tree PASSED                      [ 99%]
tests/test_trace.py::test_tracer_export_jsonl PASSED                     [100%]

- generated xml file: C:\Users\GAME\Desktop\uno-km\dev\termux-aichain\artifacts\pytest.xml -
============================= 136 passed in 9.23s =============================
