<?xml version="1.0" encoding="utf-8"?><testsuites name="pytest tests"><testsuite name="pytest" errors="0" failures="0" skipped="0" tests="136" time="9.684" timestamp="2026-08-27T01:24:27.349178+09:00" hostname="DESKTOP-HAJKE01"><testcase classname="tests.test_cli" name="test_cli_module_imports" time="0.007" /><testcase classname="tests.test_cli" name="test_cmd_status_stopped" time="2.073" /><testcase classname="tests.test_cli" name="test_cmd_stop_with_empty_lock_dir" time="0.008" /><testcase classname="tests.test_cli" name="test_cmd_models_listing" time="0.001" /><testcase classname="tests.test_cli" name="test_cmd_stop_stale_pid_does_not_kill_unrelated_process" time="0.011" /><testcase classname="tests.test_cli" name="test_cmd_stop_live_unrelated_process_is_never_killed" time="0.013" /><testcase classname="tests.test_cli" name="test_download_verified_model_mismatch_raises_and_cleans_tmp" time="0.018" /><testcase classname="tests.test_cli" name="test_cmd_run_rejects_incompatible_server" time="0.013" /><testcase classname="tests.test_cli" name="test_cmd_run_newly_started_server_is_identity_verified" time="0.007" /><testcase classname="tests.test_core_bitnet" name="test_bitnet_chat_initialization" time="0.001" /><testcase classname="tests.test_core_chain" name="test_runnable_pipe_operator" time="0.001" /><testcase classname="tests.test_core_chain" name="test_runnable_pipe_with_prompt_and_callable" time="0.001" /><testcase classname="tests.test_core_chain" name="test_async_runnable_chain" time="0.028" /><testcase classname="tests.test_core_parser" name="test_string_output_parser" time="0.001" /><testcase classname="tests.test_core_parser" name="test_json_output_parser_markdown" time="0.001" /><testcase classname="tests.test_core_parser" name="test_json_output_parser_raw_text" time="0.001" /><testcase classname="tests.test_core_parser" name="test_json_output_parser_fallback" time="0.001" /><testcase classname="tests.test_core_parser" name="test_regex_output_parser" time="0.002" /><testcase classname="tests.test_core_prompt" name="test_prompt_template_basic" time="0.001" /><testcase classname="tests.test_core_prompt" name="test_prompt_template_partial" time="0.001" /><testcase classname="tests.test_core_prompt" name="test_prompt_template_missing_var" time="0.001" /><testcase classname="tests.test_core_prompt" name="test_chat_prompt_template" time="0.002" /><testcase classname="tests.test_core_prompt" name="test_prompt_template_as_runnable" time="0.001" /><testcase classname="tests.test_core_provider" name="test_openai_compatible_generate" time="0.046" /><testcase classname="tests.test_core_provider" name="test_openai_compatible_stream" time="0.514" /><testcase classname="tests.test_core_splitter" name="test_character_text_splitter" time="0.001" /><testcase classname="tests.test_core_splitter" name="test_recursive_character_text_splitter" time="0.001" /><testcase classname="tests.test_core_splitter" name="test_text_loader" time="0.003" /><testcase classname="tests.test_dashboard" name="test_dashboard_html_endpoint" time="0.507" /><testcase classname="tests.test_dashboard" name="test_api_traces_endpoint" time="0.512" /><testcase classname="tests.test_dashboard" name="test_api_graph_endpoint" time="0.515" /><testcase classname="tests.test_device" name="test_battery_status_tool" time="0.010" /><testcase classname="tests.test_device" name="test_sensor_data_tool" time="0.009" /><testcase classname="tests.test_device" name="test_location_tool" time="0.009" /><testcase classname="tests.test_device" name="test_stt_tool" time="0.012" /><testcase classname="tests.test_device" name="test_vibrate_tool" time="0.013" /><testcase classname="tests.test_device" name="test_notification_tool" time="0.012" /><testcase classname="tests.test_device" name="test_shell_tool" time="0.004" /><testcase classname="tests.test_device" name="test_default_device_tools" time="0.001" /><testcase classname="tests.test_ecosystem" name="test_infer_bitnet_llm" time="0.015" /><testcase classname="tests.test_ecosystem" name="test_transcribe_speech" time="0.014" /><testcase classname="tests.test_ecosystem" name="test_generate_diffusion_image" time="0.011" /><testcase classname="tests.test_ecosystem" name="test_browse_web_headless" time="0.010" /><testcase classname="tests.test_ecosystem" name="test_get_ecosystem_tools" time="0.001" /><testcase classname="tests.test_facade_ux" name="test_local_agent_default_constructor" time="0.001" /><testcase classname="tests.test_facade_ux" name="test_local_agent_run_facade" time="0.001" /><testcase classname="tests.test_facade_ux" name="test_local_agent_connect_factory" time="0.029" /><testcase classname="tests.test_facade_ux" name="test_local_agent_local_factory_when_server_alive" time="0.043" /><testcase classname="tests.test_graph_agent" name="test_react_agent_loop" time="0.003" /><testcase classname="tests.test_graph_state" name="test_linear_state_graph" time="0.001" /><testcase classname="tests.test_graph_state" name="test_conditional_state_graph" time="0.001" /><testcase classname="tests.test_graph_state" name="test_cyclic_loop_graph" time="0.001" /><testcase classname="tests.test_graph_state" name="test_max_iterations_safety" time="0.001" /><testcase classname="tests.test_graph_state" name="test_state_graph_streaming" time="0.001" /><testcase classname="tests.test_local_agent_modes" name="test_connect_mode_loopback_policy" time="0.001" /><testcase classname="tests.test_local_agent_modes" name="test_embedded_mode_contract" time="0.001" /><testcase classname="tests.test_local_agent_modes" name="test_remote_mode_explicit_opt_in" time="0.001" /><testcase classname="tests.test_local_agent_modes" name="test_tool_policy_range_validation" time="0.001" /><testcase classname="tests.test_local_agent_modes" name="test_tool_policy_rate_limiter" time="0.018" /><testcase classname="tests.test_local_agent_modes" name="test_tool_policy_approval_callback" time="0.003" /><testcase classname="tests.test_local_agent_modes" name="test_status_state_machine" time="0.001" /><testcase classname="tests.test_local_server" name="test_openai_compatible_advanced_payload" time="0.001" /><testcase classname="tests.test_local_server" name="test_local_server_config_cli_builder" time="0.001" /><testcase classname="tests.test_local_server" name="test_bitnet_server_cli_builder" time="0.010" /><testcase classname="tests.test_memory" name="test_conversation_buffer_memory_window" time="0.001" /><testcase classname="tests.test_memory" name="test_sqlite_entity_memory_persistence" time="0.001" /><testcase classname="tests.test_memory" name="test_sqlite_vector_store_cosine" time="0.001" /><testcase classname="tests.test_memory" name="test_fact_extractor" time="0.001" /><testcase classname="tests.test_microscopic_edge_cases" name="test_edge_prompt_template_special_chars" time="0.001" /><testcase classname="tests.test_microscopic_edge_cases" name="test_edge_json_parser_malformed" time="0.001" /><testcase classname="tests.test_microscopic_edge_cases" name="test_edge_recursive_splitter_large_text" time="0.001" /><testcase classname="tests.test_microscopic_edge_cases" name="test_edge_graph_uncompiled_or_missing_entry" time="0.001" /><testcase classname="tests.test_microscopic_edge_cases" name="test_edge_graph_recursion_limit" time="0.002" /><testcase classname="tests.test_microscopic_edge_cases" name="test_edge_vector_store_zero_norm" time="0.002" /><testcase classname="tests.test_microscopic_edge_cases" name="test_edge_entity_memory_null_and_overwrite" time="0.001" /><testcase classname="tests.test_microscopic_edge_cases" name="test_edge_tracer_deep_nesting" time="0.001" /><testcase classname="tests.test_microscopic_edge_cases" name="test_edge_ecosystem_fault_tolerance" time="0.028" /><testcase classname="tests.test_output_normalizer" name="test_scanner_nested_brackets_and_strings" time="0.001" /><testcase classname="tests.test_output_normalizer" name="test_scanner_multiple_candidates" time="0.001" /><testcase classname="tests.test_output_normalizer" name="test_repair_single_quotes_and_trailing_commas" time="0.001" /><testcase classname="tests.test_output_normalizer" name="test_normalizer_native_tool_call" time="0.001" /><testcase classname="tests.test_output_normalizer" name="test_normalizer_xml_wrapper" time="0.001" /><testcase classname="tests.test_output_normalizer" name="test_normalizer_react_text_pattern" time="0.001" /><testcase classname="tests.test_output_normalizer" name="test_normalizer_markdown_bash_fence_not_promoted" time="0.001" /><testcase classname="tests.test_output_normalizer" name="test_normalizer_plain_text_zero_overkill" time="0.001" /><testcase classname="tests.test_p0_release_blockers" name="test_json_inside_bash_fence_is_not_promoted" time="0.001" /><testcase classname="tests.test_p0_release_blockers" name="test_json_inside_python_fence_not_promoted" time="0.001" /><testcase classname="tests.test_p0_release_blockers" name="test_react_example_not_promoted_by_default" time="0.001" /><testcase classname="tests.test_p0_release_blockers" name="test_quoted_action_input_not_promoted" time="0.001" /><testcase classname="tests.test_p0_release_blockers" name="test_string_false_rejected_for_boolean" time="0.001" /><testcase classname="tests.test_p0_release_blockers" name="test_missing_required_tool_arg_rejected" time="0.001" /><testcase classname="tests.test_p0_release_blockers" name="test_unknown_tool_arg_rejected" time="0.001" /><testcase classname="tests.test_p0_release_blockers" name="test_loopback_prefix_bypass_rejected" time="0.001" /><testcase classname="tests.test_p0_release_blockers" name="test_loopback_userinfo_bypass_rejected" time="0.001" /><testcase classname="tests.test_p0_release_blockers" name="test_invalid_health_json_rejected" time="0.019" /><testcase classname="tests.test_p0_release_blockers" name="test_empty_health_json_rejected" time="0.022" /><testcase classname="tests.test_p0_release_blockers" name="test_protocol_version_mismatch_rejected" time="0.026" /><testcase classname="tests.test_p0_release_blockers" name="test_health_payload_size_exceeded_rejected" time="0.021" /><testcase classname="tests.test_p0_release_blockers" name="test_managed_existing_model_mismatch" time="0.021" /><testcase classname="tests.test_p0_release_blockers" name="test_stopped_agent_rejects_invoke" time="0.001" /><testcase classname="tests.test_p0_release_blockers" name="test_remote_mode_rc_disabled" time="0.001" /><testcase classname="tests.test_p0_release_blockers" name="test_empty_embedding_rejected" time="0.001" /><testcase classname="tests.test_p0_release_blockers" name="test_invalid_k_rejected" time="0.001" /><testcase classname="tests.test_p0_release_blockers" name="test_corrupted_vector_row_skipped" time="0.002" /><testcase classname="tests.test_p0_release_blockers" name="test_vibrate_device_force_type_check" time="0.001" /><testcase classname="tests.test_p0_release_blockers" name="test_default_create_react_agent_no_react_text" time="0.001" /><testcase classname="tests.test_p0_release_blockers" name="test_explicit_create_react_agent_allows_react_text" time="0.010" /><testcase classname="tests.test_p0_release_blockers" name="test_duration_ms_min_max_schema_validation" time="0.001" /><testcase classname="tests.test_p0_release_blockers" name="test_health_redirect_rejected" time="0.001" /><testcase classname="tests.test_p0_release_blockers" name="test_conflict_server_identity_blocks_spawn" time="0.024" /><testcase classname="tests.test_p0_release_blockers" name="test_stopping_state_rejects_lease" time="0.001" /><testcase classname="tests.test_p0_release_blockers" name="test_vector_search_bounded_heap" time="0.002" /><testcase classname="tests.test_p0_release_blockers" name="test_unknown_server_status_ok_is_openai_compatible_not_llama" time="0.043" /><testcase classname="tests.test_p0_release_blockers" name="test_expected_model_id_missing_fails_closed" time="0.018" /><testcase classname="tests.test_p0_release_blockers" name="test_expected_model_sha256_missing_fails_closed" time="0.022" /><testcase classname="tests.test_p0_release_blockers" name="test_managed_owned_lifecycle_and_status" time="0.005" /><testcase classname="tests.test_p0_release_blockers" name="test_managed_attached_lifecycle_preserves_external" time="0.003" /><testcase classname="tests.test_p0_release_blockers" name="test_ring_log_single_oversized_line_is_bounded" time="0.001" /><testcase classname="tests.test_p0_release_blockers" name="test_managed_start_failure_preserves_original_error" time="1.029" /><testcase classname="tests.test_p0_release_blockers" name="test_cors_scheme_and_userinfo_rejected" time="0.001" /><testcase classname="tests.test_p0_release_blockers" name="test_missing_protocol_version_fails_closed" time="0.001" /><testcase classname="tests.test_p0_release_blockers" name="test_local_agent_local_does_not_swallow_model_conflict" time="0.004" /><testcase classname="tests.test_p0_release_blockers" name="test_local_agent_local_missing_model_raises_file_not_found" time="0.001" /><testcase classname="tests.test_p0_release_blockers" name="test_cmd_run_rejects_non_gguf_user_file" time="0.010" /><testcase classname="tests.test_p0_release_blockers" name="test_upstream_llama_server_verified_by_capability" time="0.021" /><testcase classname="tests.test_p0_release_blockers" name="test_v1_models_multi_model_matching" time="0.019" /><testcase classname="tests.test_p0_release_blockers" name="test_v1_models_oversized_payload_rejected" time="0.018" /><testcase classname="tests.test_p0_release_blockers" name="test_create_react_agent_tool_policy_default_deny" time="0.001" /><testcase classname="tests.test_serve" name="test_server_health" time="0.732" /><testcase classname="tests.test_serve" name="test_server_auth_and_body_limits" time="0.513" /><testcase classname="tests.test_serve" name="test_server_invoke" time="0.566" /><testcase classname="tests.test_serve" name="test_cors_exact_loopback_and_subdomain_rejection" time="0.557" /><testcase classname="tests.test_serve" name="test_server_invalid_json_body_returns_400" time="0.565" /><testcase classname="tests.test_trace" name="test_tracer_hierarchy_and_tps" time="0.032" /><testcase classname="tests.test_trace" name="test_tracer_render_tree" time="0.001" /><testcase classname="tests.test_trace" name="test_tracer_export_jsonl" time="0.004" /></testsuite></testsuites>